0 verbose cli /usr/bin/node /usr/bin/npm
1 info using npm@10.2.3
2 info using node@v20.10.0
3 timing npm:load:whichnode Completed in 3ms
4 timing config:load:defaults Completed in 1ms
5 timing config:load:file:/usr/lib/node_modules/npm/npmrc Completed in 1ms
6 timing config:load:builtin Completed in 1ms
7 timing config:load:cli Completed in 2ms
8 timing config:load:env Completed in 0ms
9 timing config:load:project Completed in 1ms
10 timing config:load:file:/home/ubuntu/.npmrc Completed in 0ms
11 timing config:load:user Completed in 0ms
12 timing config:load:file:/usr/etc/npmrc Completed in 1ms
13 timing config:load:global Completed in 1ms
14 timing config:load:setEnvs Completed in 1ms
15 timing config:load Completed in 7ms
16 timing npm:load:configload Completed in 8ms
17 timing config:load:flatten Completed in 2ms
18 timing npm:load:mkdirpcache Completed in 1ms
19 timing npm:load:mkdirplogs Completed in 0ms
20 verbose title npm i aptos
21 verbose argv "i" "aptos"
22 timing npm:load:setTitle Completed in 0ms
23 timing npm:load:display Completed in 0ms
24 verbose logfile logs-max:10 dir:/home/ubuntu/.npm/_logs/2023-12-28T16_58_57_903Z-
25 verbose logfile /home/ubuntu/.npm/_logs/2023-12-28T16_58_57_903Z-debug-0.log
26 timing npm:load:logFile Completed in 9ms
27 timing npm:load:timers Completed in 0ms
28 timing npm:load:configScope Completed in 0ms
29 timing npm:load Completed in 36ms
30 timing config:load:flatten Completed in 1ms
31 timing arborist:ctor Completed in 1ms
32 silly logfile done cleaning log files
33 timing arborist:ctor Completed in 0ms
34 timing idealTree:init Completed in 18ms
35 timing idealTree:userRequests Completed in 2ms
36 silly idealTree buildDeps
37 silly fetch manifest aptos@*
38 http fetch GET 200 https://registry.npmjs.org/npm 184ms (cache miss)
39 http fetch GET 200 https://registry.npmjs.org/aptos 128ms (cache miss)
40 silly placeDep ROOT aptos@1.21.0 OK for:  want: *
41 silly fetch manifest @aptos-labs/aptos-client@^0.1.0
42 silly fetch manifest eventemitter3@^5.0.1
43 silly fetch manifest @noble/hashes@1.3.3
44 silly fetch manifest @scure/bip39@1.2.1
45 silly fetch manifest form-data@4.0.0
46 silly fetch manifest tweetnacl@1.0.3
47 http fetch GET 200 https://registry.npmjs.org/@aptos-labs%2faptos-client 70ms (cache miss)
48 http fetch GET 200 https://registry.npmjs.org/eventemitter3 70ms (cache miss)
49 http fetch GET 200 https://registry.npmjs.org/tweetnacl 86ms (cache miss)
50 http fetch GET 200 https://registry.npmjs.org/@noble%2fhashes 110ms (cache miss)
51 http fetch GET 200 https://registry.npmjs.org/form-data 139ms (cache miss)
52 http fetch GET 200 https://registry.npmjs.org/@scure%2fbip39 143ms (cache miss)
53 timing idealTree:#root Completed in 283ms
54 silly placeDep ROOT @aptos-labs/aptos-client@0.1.0 OK for: aptos@1.21.0 want: ^0.1.0
55 silly fetch manifest axios@1.6.2
56 silly fetch manifest got@^11.8.6
57 silly placeDep ROOT @noble/hashes@1.3.3 OK for: aptos@1.21.0 want: 1.3.3
58 silly placeDep ROOT @scure/bip39@1.2.1 OK for: aptos@1.21.0 want: 1.2.1
59 silly fetch manifest @scure/base@~1.1.0
60 silly placeDep ROOT eventemitter3@5.0.1 OK for: aptos@1.21.0 want: ^5.0.1
61 silly placeDep ROOT form-data@4.0.0 OK for: aptos@1.21.0 want: 4.0.0
62 silly fetch manifest asynckit@^0.4.0
63 silly fetch manifest combined-stream@^1.0.8
64 silly fetch manifest mime-types@^2.1.12
65 silly placeDep ROOT tweetnacl@1.0.3 OK for: aptos@1.21.0 want: 1.0.3
66 http fetch GET 200 https://registry.npmjs.org/asynckit 51ms (cache miss)
67 http fetch GET 200 https://registry.npmjs.org/combined-stream 56ms (cache miss)
68 http fetch GET 200 https://registry.npmjs.org/axios 67ms (cache miss)
69 http fetch GET 200 https://registry.npmjs.org/mime-types 63ms (cache miss)
70 http fetch GET 200 https://registry.npmjs.org/got 76ms (cache miss)
71 http fetch GET 200 https://registry.npmjs.org/@scure%2fbase 159ms (cache miss)
72 timing idealTree:node_modules/aptos Completed in 170ms
73 silly placeDep ROOT axios@1.6.2 OK for: @aptos-labs/aptos-client@0.1.0 want: 1.6.2
74 silly fetch manifest follow-redirects@^1.15.0
75 silly fetch manifest proxy-from-env@^1.1.0
76 silly placeDep ROOT got@11.8.6 OK for: @aptos-labs/aptos-client@0.1.0 want: ^11.8.6
77 silly fetch manifest @sindresorhus/is@^4.0.0
78 silly fetch manifest @szmarczak/http-timer@^4.0.5
79 silly fetch manifest @types/cacheable-request@^6.0.1
80 silly fetch manifest @types/responselike@^1.0.0
81 silly fetch manifest cacheable-lookup@^5.0.3
82 silly fetch manifest cacheable-request@^7.0.2
83 silly fetch manifest decompress-response@^6.0.0
84 silly fetch manifest http2-wrapper@^1.0.0-beta.5.2
85 silly fetch manifest lowercase-keys@^2.0.0
86 silly fetch manifest p-cancelable@^2.0.0
87 silly fetch manifest responselike@^2.0.0
88 http fetch GET 200 https://registry.npmjs.org/@types%2fresponselike 95ms (cache miss)
89 http fetch GET 200 https://registry.npmjs.org/proxy-from-env 99ms (cache miss)
90 http fetch GET 200 https://registry.npmjs.org/@types%2fcacheable-request 99ms (cache miss)
91 http fetch GET 200 https://registry.npmjs.org/@sindresorhus%2fis 100ms (cache miss)
92 http fetch GET 200 https://registry.npmjs.org/follow-redirects 105ms (cache miss)
93 http fetch GET 200 https://registry.npmjs.org/@szmarczak%2fhttp-timer 105ms (cache miss)
94 http fetch GET 200 https://registry.npmjs.org/cacheable-request 119ms (cache miss)
95 http fetch GET 200 https://registry.npmjs.org/lowercase-keys 128ms (cache miss)
96 http fetch GET 200 https://registry.npmjs.org/decompress-response 131ms (cache miss)
97 http fetch GET 200 https://registry.npmjs.org/responselike 124ms (cache miss)
98 http fetch GET 200 https://registry.npmjs.org/p-cancelable 134ms (cache miss)
99 http fetch GET 200 https://registry.npmjs.org/cacheable-lookup 141ms (cache miss)
100 http fetch GET 200 https://registry.npmjs.org/http2-wrapper 143ms (cache miss)
101 timing idealTree:node_modules/@aptos-labs/aptos-client Completed in 154ms
102 timing idealTree:node_modules/@noble/hashes Completed in 0ms
103 silly placeDep ROOT @scure/base@1.1.5 OK for: @scure/bip39@1.2.1 want: ~1.1.0
104 timing idealTree:node_modules/@scure/bip39 Completed in 3ms
105 timing idealTree:node_modules/@scure/base Completed in 0ms
106 silly placeDep ROOT follow-redirects@1.15.3 OK for: axios@1.6.2 want: ^1.15.0
107 silly placeDep ROOT proxy-from-env@1.1.0 OK for: axios@1.6.2 want: ^1.1.0
108 timing idealTree:node_modules/axios Completed in 3ms
109 timing idealTree:node_modules/eventemitter3 Completed in 0ms
110 timing idealTree:node_modules/follow-redirects Completed in 0ms
111 silly placeDep ROOT asynckit@0.4.0 OK for: form-data@4.0.0 want: ^0.4.0
112 silly placeDep ROOT combined-stream@1.0.8 OK for: form-data@4.0.0 want: ^1.0.8
113 silly fetch manifest delayed-stream@~1.0.0
114 silly placeDep ROOT mime-types@2.1.35 OK for: form-data@4.0.0 want: ^2.1.12
115 silly fetch manifest mime-db@1.52.0
116 http fetch GET 200 https://registry.npmjs.org/mime-db 39ms (cache miss)
117 http fetch GET 200 https://registry.npmjs.org/delayed-stream 42ms (cache miss)
118 timing idealTree:node_modules/form-data Completed in 47ms
119 timing idealTree:node_modules/asynckit Completed in 0ms
120 silly placeDep ROOT delayed-stream@1.0.0 OK for: combined-stream@1.0.8 want: ~1.0.0
121 timing idealTree:node_modules/combined-stream Completed in 2ms
122 timing idealTree:node_modules/delayed-stream Completed in 0ms
123 silly placeDep ROOT @sindresorhus/is@4.6.0 OK for: got@11.8.6 want: ^4.0.0
124 silly placeDep ROOT @szmarczak/http-timer@4.0.6 OK for: got@11.8.6 want: ^4.0.5
125 silly fetch manifest defer-to-connect@^2.0.0
126 silly placeDep ROOT @types/cacheable-request@6.0.3 OK for: got@11.8.6 want: ^6.0.1
127 silly fetch manifest @types/http-cache-semantics@*
128 silly fetch manifest @types/keyv@^3.1.4
129 silly fetch manifest @types/node@*
130 silly placeDep ROOT @types/responselike@1.0.3 OK for: got@11.8.6 want: ^1.0.0
131 silly placeDep ROOT cacheable-lookup@5.0.4 OK for: got@11.8.6 want: ^5.0.3
132 silly placeDep ROOT cacheable-request@7.0.4 OK for: got@11.8.6 want: ^7.0.2
133 silly fetch manifest clone-response@^1.0.2
134 silly fetch manifest get-stream@^5.1.0
135 silly fetch manifest http-cache-semantics@^4.0.0
136 silly fetch manifest keyv@^4.0.0
137 silly fetch manifest normalize-url@^6.0.1
138 silly placeDep ROOT decompress-response@6.0.0 OK for: got@11.8.6 want: ^6.0.0
139 silly fetch manifest mimic-response@^3.1.0
140 silly placeDep ROOT http2-wrapper@1.0.3 OK for: got@11.8.6 want: ^1.0.0-beta.5.2
141 silly fetch manifest quick-lru@^5.1.1
142 silly fetch manifest resolve-alpn@^1.0.0
143 silly placeDep ROOT lowercase-keys@2.0.0 OK for: got@11.8.6 want: ^2.0.0
144 silly placeDep ROOT p-cancelable@2.1.1 OK for: got@11.8.6 want: ^2.0.0
145 silly placeDep ROOT responselike@2.0.1 OK for: got@11.8.6 want: ^2.0.0
146 http fetch GET 200 https://registry.npmjs.org/clone-response 85ms (cache miss)
147 http fetch GET 200 https://registry.npmjs.org/mimic-response 101ms (cache miss)
148 http fetch GET 200 https://registry.npmjs.org/get-stream 109ms (cache miss)
149 http fetch GET 200 https://registry.npmjs.org/http-cache-semantics 110ms (cache miss)
150 http fetch GET 200 https://registry.npmjs.org/@types%2fhttp-cache-semantics 121ms (cache miss)
151 http fetch GET 200 https://registry.npmjs.org/keyv 112ms (cache miss)
152 http fetch GET 200 https://registry.npmjs.org/defer-to-connect 128ms (cache miss)
153 http fetch GET 200 https://registry.npmjs.org/@types%2fkeyv 125ms (cache miss)
154 http fetch GET 200 https://registry.npmjs.org/resolve-alpn 113ms (cache miss)
155 http fetch GET 200 https://registry.npmjs.org/quick-lru 116ms (cache miss)
156 http fetch GET 200 https://registry.npmjs.org/normalize-url 120ms (cache miss)
157 http fetch GET 200 https://registry.npmjs.org/@types%2fnode 162ms (cache miss)
158 timing idealTree:node_modules/got Completed in 185ms
159 timing idealTree:node_modules/@sindresorhus/is Completed in 0ms
160 silly placeDep ROOT defer-to-connect@2.0.1 OK for: @szmarczak/http-timer@4.0.6 want: ^2.0.0
161 timing idealTree:node_modules/@szmarczak/http-timer Completed in 1ms
162 silly placeDep ROOT @types/http-cache-semantics@4.0.4 OK for: @types/cacheable-request@6.0.3 want: *
163 silly placeDep ROOT @types/keyv@3.1.4 OK for: @types/cacheable-request@6.0.3 want: ^3.1.4
164 silly placeDep ROOT @types/node@20.10.5 OK for: @types/cacheable-request@6.0.3 want: *
165 silly fetch manifest undici-types@~5.26.4
166 http fetch GET 200 https://registry.npmjs.org/undici-types 39ms (cache miss)
167 timing idealTree:node_modules/@types/cacheable-request Completed in 45ms
168 timing idealTree:node_modules/@types/http-cache-semantics Completed in 0ms
169 timing idealTree:node_modules/@types/keyv Completed in 0ms
170 silly placeDep ROOT undici-types@5.26.5 OK for: @types/node@20.10.5 want: ~5.26.4
171 timing idealTree:node_modules/@types/node Completed in 2ms
172 timing idealTree:node_modules/@types/responselike Completed in 0ms
173 timing idealTree:node_modules/cacheable-lookup Completed in 0ms
174 silly placeDep ROOT clone-response@1.0.3 OK for: cacheable-request@7.0.4 want: ^1.0.2
175 silly fetch manifest mimic-response@^1.0.0
176 silly placeDep ROOT get-stream@5.2.0 OK for: cacheable-request@7.0.4 want: ^5.1.0
177 silly fetch manifest pump@^3.0.0
178 silly placeDep ROOT http-cache-semantics@4.1.1 OK for: cacheable-request@7.0.4 want: ^4.0.0
179 silly placeDep ROOT keyv@4.5.4 OK for: cacheable-request@7.0.4 want: ^4.0.0
180 silly fetch manifest json-buffer@3.0.1
181 silly placeDep ROOT normalize-url@6.1.0 OK for: cacheable-request@7.0.4 want: ^6.0.1
182 http fetch GET 200 https://registry.npmjs.org/json-buffer 53ms (cache miss)
183 http fetch GET 200 https://registry.npmjs.org/pump 56ms (cache miss)
184 timing idealTree:node_modules/cacheable-request Completed in 61ms
185 silly placeDep ROOT mimic-response@1.0.1 OK for: clone-response@1.0.3 want: ^1.0.0
186 timing idealTree:node_modules/clone-response Completed in 3ms
187 silly placeDep node_modules/decompress-response mimic-response@3.1.0 OK for: decompress-response@6.0.0 want: ^3.1.0
188 timing idealTree:node_modules/decompress-response Completed in 3ms
189 timing idealTree:node_modules/defer-to-connect Completed in 0ms
190 silly placeDep ROOT pump@3.0.0 OK for: get-stream@5.2.0 want: ^3.0.0
191 silly fetch manifest end-of-stream@^1.1.0
192 silly fetch manifest once@^1.3.1
193 http fetch GET 200 https://registry.npmjs.org/once 35ms (cache miss)
194 http fetch GET 200 https://registry.npmjs.org/end-of-stream 54ms (cache miss)
195 timing idealTree:node_modules/get-stream Completed in 56ms
196 timing idealTree:node_modules/http-cache-semantics Completed in 0ms
197 silly placeDep ROOT quick-lru@5.1.1 OK for: http2-wrapper@1.0.3 want: ^5.1.1
198 silly placeDep ROOT resolve-alpn@1.2.1 OK for: http2-wrapper@1.0.3 want: ^1.0.0
199 timing idealTree:node_modules/http2-wrapper Completed in 3ms
200 silly placeDep ROOT json-buffer@3.0.1 OK for: keyv@4.5.4 want: 3.0.1
201 timing idealTree:node_modules/keyv Completed in 1ms
202 timing idealTree:node_modules/json-buffer Completed in 0ms
203 timing idealTree:node_modules/lowercase-keys Completed in 0ms
204 silly placeDep ROOT mime-db@1.52.0 OK for: mime-types@2.1.35 want: 1.52.0
205 timing idealTree:node_modules/mime-types Completed in 1ms
206 timing idealTree:node_modules/mime-db Completed in 0ms
207 timing idealTree:node_modules/mimic-response Completed in 0ms
208 timing idealTree:node_modules/normalize-url Completed in 0ms
209 timing idealTree:node_modules/p-cancelable Completed in 0ms
210 timing idealTree:node_modules/proxy-from-env Completed in 0ms
211 silly placeDep ROOT end-of-stream@1.4.4 OK for: pump@3.0.0 want: ^1.1.0
212 silly fetch manifest once@^1.4.0
213 silly placeDep ROOT once@1.4.0 OK for: pump@3.0.0 want: ^1.3.1
214 silly fetch manifest wrappy@1
215 http fetch GET 200 https://registry.npmjs.org/wrappy 193ms (cache miss)
216 timing idealTree:node_modules/pump Completed in 197ms
217 timing idealTree:node_modules/end-of-stream Completed in 0ms
218 silly placeDep ROOT wrappy@1.0.2 OK for: once@1.4.0 want: 1
219 timing idealTree:node_modules/once Completed in 2ms
220 timing idealTree:node_modules/quick-lru Completed in 0ms
221 timing idealTree:node_modules/resolve-alpn Completed in 0ms
222 timing idealTree:node_modules/responselike Completed in 0ms
223 timing idealTree:node_modules/tweetnacl Completed in 0ms
224 timing idealTree:node_modules/undici-types Completed in 0ms
225 timing idealTree:node_modules/wrappy Completed in 0ms
226 timing idealTree:node_modules/decompress-response/node_modules/mimic-response Completed in 0ms
227 timing idealTree:buildDeps Completed in 1224ms
228 timing idealTree:fixDepFlags Completed in 1ms
229 timing idealTree Completed in 1247ms
230 timing reify:loadTrees Completed in 1250ms
231 timing reify:diffTrees Completed in 2ms
232 silly reify moves {}
233 timing reify:retireShallow Completed in 1ms
234 timing reify:createSparse Completed in 4ms
235 timing reify:loadBundles Completed in 0ms
236 silly tarball no local data for wrappy@https://registry.npmjs.org/wrappy/-/wrappy-1.0.2.tgz. Extracting by manifest.
237 silly tarball no local data for once@https://registry.npmjs.org/once/-/once-1.4.0.tgz. Extracting by manifest.
238 silly tarball no local data for end-of-stream@https://registry.npmjs.org/end-of-stream/-/end-of-stream-1.4.4.tgz. Extracting by manifest.
239 silly tarball no local data for mime-db@https://registry.npmjs.org/mime-db/-/mime-db-1.52.0.tgz. Extracting by manifest.
240 silly tarball no local data for json-buffer@https://registry.npmjs.org/json-buffer/-/json-buffer-3.0.1.tgz. Extracting by manifest.
241 silly tarball no local data for resolve-alpn@https://registry.npmjs.org/resolve-alpn/-/resolve-alpn-1.2.1.tgz. Extracting by manifest.
242 silly tarball no local data for quick-lru@https://registry.npmjs.org/quick-lru/-/quick-lru-5.1.1.tgz. Extracting by manifest.
243 silly tarball no local data for pump@https://registry.npmjs.org/pump/-/pump-3.0.0.tgz. Extracting by manifest.
244 silly tarball no local data for mimic-response@https://registry.npmjs.org/mimic-response/-/mimic-response-1.0.1.tgz. Extracting by manifest.
245 silly tarball no local data for normalize-url@https://registry.npmjs.org/normalize-url/-/normalize-url-6.1.0.tgz. Extracting by manifest.
246 silly tarball no local data for keyv@https://registry.npmjs.org/keyv/-/keyv-4.5.4.tgz. Extracting by manifest.
247 silly tarball no local data for http-cache-semantics@https://registry.npmjs.org/http-cache-semantics/-/http-cache-semantics-4.1.1.tgz. Extracting by manifest.
248 silly tarball no local data for get-stream@https://registry.npmjs.org/get-stream/-/get-stream-5.2.0.tgz. Extracting by manifest.
249 silly tarball no local data for clone-response@https://registry.npmjs.org/clone-response/-/clone-response-1.0.3.tgz. Extracting by manifest.
250 silly tarball no local data for undici-types@https://registry.npmjs.org/undici-types/-/undici-types-5.26.5.tgz. Extracting by manifest.
251 silly tarball no local data for @types/node@https://registry.npmjs.org/@types/node/-/node-20.10.5.tgz. Extracting by manifest.
252 silly tarball no local data for @types/keyv@https://registry.npmjs.org/@types/keyv/-/keyv-3.1.4.tgz. Extracting by manifest.
253 silly tarball no local data for @types/http-cache-semantics@https://registry.npmjs.org/@types/http-cache-semantics/-/http-cache-semantics-4.0.4.tgz. Extracting by manifest.
254 silly tarball no local data for defer-to-connect@https://registry.npmjs.org/defer-to-connect/-/defer-to-connect-2.0.1.tgz. Extracting by manifest.
255 silly tarball no local data for responselike@https://registry.npmjs.org/responselike/-/responselike-2.0.1.tgz. Extracting by manifest.
256 silly tarball no local data for p-cancelable@https://registry.npmjs.org/p-cancelable/-/p-cancelable-2.1.1.tgz. Extracting by manifest.
257 silly tarball no local data for lowercase-keys@https://registry.npmjs.org/lowercase-keys/-/lowercase-keys-2.0.0.tgz. Extracting by manifest.
258 silly tarball no local data for http2-wrapper@https://registry.npmjs.org/http2-wrapper/-/http2-wrapper-1.0.3.tgz. Extracting by manifest.
259 silly tarball no local data for decompress-response@https://registry.npmjs.org/decompress-response/-/decompress-response-6.0.0.tgz. Extracting by manifest.
260 silly tarball no local data for cacheable-request@https://registry.npmjs.org/cacheable-request/-/cacheable-request-7.0.4.tgz. Extracting by manifest.
261 silly tarball no local data for cacheable-lookup@https://registry.npmjs.org/cacheable-lookup/-/cacheable-lookup-5.0.4.tgz. Extracting by manifest.
262 silly tarball no local data for @types/responselike@https://registry.npmjs.org/@types/responselike/-/responselike-1.0.3.tgz. Extracting by manifest.
263 silly tarball no local data for @types/cacheable-request@https://registry.npmjs.org/@types/cacheable-request/-/cacheable-request-6.0.3.tgz. Extracting by manifest.
264 silly tarball no local data for @szmarczak/http-timer@https://registry.npmjs.org/@szmarczak/http-timer/-/http-timer-4.0.6.tgz. Extracting by manifest.
265 silly tarball no local data for @sindresorhus/is@https://registry.npmjs.org/@sindresorhus/is/-/is-4.6.0.tgz. Extracting by manifest.
266 silly tarball no local data for delayed-stream@https://registry.npmjs.org/delayed-stream/-/delayed-stream-1.0.0.tgz. Extracting by manifest.
267 silly tarball no local data for mime-types@https://registry.npmjs.org/mime-types/-/mime-types-2.1.35.tgz. Extracting by manifest.
268 silly tarball no local data for combined-stream@https://registry.npmjs.org/combined-stream/-/combined-stream-1.0.8.tgz. Extracting by manifest.
269 silly tarball no local data for asynckit@https://registry.npmjs.org/asynckit/-/asynckit-0.4.0.tgz. Extracting by manifest.
270 silly tarball no local data for proxy-from-env@https://registry.npmjs.org/proxy-from-env/-/proxy-from-env-1.1.0.tgz. Extracting by manifest.
271 silly tarball no local data for follow-redirects@https://registry.npmjs.org/follow-redirects/-/follow-redirects-1.15.3.tgz. Extracting by manifest.
272 silly tarball no local data for @scure/base@https://registry.npmjs.org/@scure/base/-/base-1.1.5.tgz. Extracting by manifest.
273 silly tarball no local data for got@https://registry.npmjs.org/got/-/got-11.8.6.tgz. Extracting by manifest.
274 silly tarball no local data for axios@https://registry.npmjs.org/axios/-/axios-1.6.2.tgz. Extracting by manifest.
275 silly tarball no local data for tweetnacl@https://registry.npmjs.org/tweetnacl/-/tweetnacl-1.0.3.tgz. Extracting by manifest.
276 silly tarball no local data for form-data@https://registry.npmjs.org/form-data/-/form-data-4.0.0.tgz. Extracting by manifest.
277 silly tarball no local data for eventemitter3@https://registry.npmjs.org/eventemitter3/-/eventemitter3-5.0.1.tgz. Extracting by manifest.
278 silly tarball no local data for @scure/bip39@https://registry.npmjs.org/@scure/bip39/-/bip39-1.2.1.tgz. Extracting by manifest.
279 silly tarball no local data for @noble/hashes@https://registry.npmjs.org/@noble/hashes/-/hashes-1.3.3.tgz. Extracting by manifest.
280 silly tarball no local data for @aptos-labs/aptos-client@https://registry.npmjs.org/@aptos-labs/aptos-client/-/aptos-client-0.1.0.tgz. Extracting by manifest.
281 silly tarball no local data for aptos@https://registry.npmjs.org/aptos/-/aptos-1.21.0.tgz. Extracting by manifest.
282 silly tarball no local data for mimic-response@https://registry.npmjs.org/mimic-response/-/mimic-response-3.1.0.tgz. Extracting by manifest.
283 http fetch GET 200 https://registry.npmjs.org/end-of-stream/-/end-of-stream-1.4.4.tgz 526ms (cache miss)
284 timing reifyNode:node_modules/end-of-stream Completed in 553ms
285 http fetch GET 200 https://registry.npmjs.org/wrappy/-/wrappy-1.0.2.tgz 536ms (cache miss)
286 timing reifyNode:node_modules/wrappy Completed in 561ms
287 http fetch GET 200 https://registry.npmjs.org/json-buffer/-/json-buffer-3.0.1.tgz 535ms (cache miss)
288 timing reifyNode:node_modules/json-buffer Completed in 563ms
289 http fetch GET 200 https://registry.npmjs.org/pump/-/pump-3.0.0.tgz 532ms (cache miss)
290 timing reifyNode:node_modules/pump Completed in 563ms
291 http fetch GET 200 https://registry.npmjs.org/once/-/once-1.4.0.tgz 542ms (cache miss)
292 timing reifyNode:node_modules/once Completed in 568ms
293 http fetch GET 200 https://registry.npmjs.org/mimic-response/-/mimic-response-1.0.1.tgz 535ms (cache miss)
294 timing reifyNode:node_modules/mimic-response Completed in 567ms
295 http fetch GET 200 https://registry.npmjs.org/quick-lru/-/quick-lru-5.1.1.tgz 537ms (cache miss)
296 timing reifyNode:node_modules/quick-lru Completed in 568ms
297 http fetch GET 200 https://registry.npmjs.org/resolve-alpn/-/resolve-alpn-1.2.1.tgz 539ms (cache miss)
298 timing reifyNode:node_modules/resolve-alpn Completed in 568ms
299 http fetch GET 200 https://registry.npmjs.org/keyv/-/keyv-4.5.4.tgz 542ms (cache miss)
300 timing reifyNode:node_modules/keyv Completed in 576ms
301 http fetch GET 200 https://registry.npmjs.org/defer-to-connect/-/defer-to-connect-2.0.1.tgz 531ms (cache miss)
302 timing reifyNode:node_modules/defer-to-connect Completed in 575ms
303 http fetch GET 200 https://registry.npmjs.org/normalize-url/-/normalize-url-6.1.0.tgz 544ms (cache miss)
304 timing reifyNode:node_modules/normalize-url Completed in 577ms
305 http fetch GET 200 https://registry.npmjs.org/mime-db/-/mime-db-1.52.0.tgz 551ms (cache miss)
306 http fetch GET 200 https://registry.npmjs.org/get-stream/-/get-stream-5.2.0.tgz 546ms (cache miss)
307 timing reifyNode:node_modules/get-stream Completed in 582ms
308 http fetch GET 200 https://registry.npmjs.org/responselike/-/responselike-2.0.1.tgz 536ms (cache miss)
309 timing reifyNode:node_modules/responselike Completed in 581ms
310 timing reifyNode:node_modules/mime-db Completed in 586ms
311 http fetch GET 200 https://registry.npmjs.org/mimic-response/-/mimic-response-3.1.0.tgz 509ms (cache miss)
312 timing reifyNode:node_modules/decompress-response/node_modules/mimic-response Completed in 587ms
313 http fetch GET 200 https://registry.npmjs.org/p-cancelable/-/p-cancelable-2.1.1.tgz 541ms (cache miss)
314 timing reifyNode:node_modules/p-cancelable Completed in 587ms
315 http fetch GET 200 https://registry.npmjs.org/@types/keyv/-/keyv-3.1.4.tgz 549ms (cache miss)
316 timing reifyNode:node_modules/@types/keyv Completed in 587ms
317 http fetch GET 200 https://registry.npmjs.org/http-cache-semantics/-/http-cache-semantics-4.1.1.tgz 554ms (cache miss)
318 timing reifyNode:node_modules/http-cache-semantics Completed in 589ms
319 http fetch GET 200 https://registry.npmjs.org/decompress-response/-/decompress-response-6.0.0.tgz 540ms (cache miss)
320 timing reifyNode:node_modules/decompress-response Completed in 588ms
321 http fetch GET 200 https://registry.npmjs.org/clone-response/-/clone-response-1.0.3.tgz 552ms (cache miss)
322 timing reifyNode:node_modules/clone-response Completed in 589ms
323 http fetch GET 200 https://registry.npmjs.org/@types/cacheable-request/-/cacheable-request-6.0.3.tgz 537ms (cache miss)
324 timing reifyNode:node_modules/@types/cacheable-request Completed in 594ms
325 http fetch GET 200 https://registry.npmjs.org/delayed-stream/-/delayed-stream-1.0.0.tgz 534ms (cache miss)
326 timing reifyNode:node_modules/delayed-stream Completed in 593ms
327 http fetch GET 200 https://registry.npmjs.org/lowercase-keys/-/lowercase-keys-2.0.0.tgz 547ms (cache miss)
328 timing reifyNode:node_modules/lowercase-keys Completed in 594ms
329 http fetch GET 200 https://registry.npmjs.org/@types/responselike/-/responselike-1.0.3.tgz 544ms (cache miss)
330 timing reifyNode:node_modules/@types/responselike Completed in 595ms
331 http fetch GET 200 https://registry.npmjs.org/combined-stream/-/combined-stream-1.0.8.tgz 533ms (cache miss)
332 timing reifyNode:node_modules/combined-stream Completed in 594ms
333 http fetch GET 200 https://registry.npmjs.org/@types/http-cache-semantics/-/http-cache-semantics-4.0.4.tgz 556ms (cache miss)
334 timing reifyNode:node_modules/@types/http-cache-semantics Completed in 595ms
335 http fetch GET 200 https://registry.npmjs.org/cacheable-request/-/cacheable-request-7.0.4.tgz 563ms (cache miss)
336 timing reifyNode:node_modules/cacheable-request Completed in 612ms
337 http fetch GET 200 https://registry.npmjs.org/mime-types/-/mime-types-2.1.35.tgz 551ms (cache miss)
338 timing reifyNode:node_modules/mime-types Completed in 611ms
339 http fetch GET 200 https://registry.npmjs.org/@szmarczak/http-timer/-/http-timer-4.0.6.tgz 555ms (cache miss)
340 timing reifyNode:node_modules/@szmarczak/http-timer Completed in 613ms
341 http fetch GET 200 https://registry.npmjs.org/cacheable-lookup/-/cacheable-lookup-5.0.4.tgz 563ms (cache miss)
342 timing reifyNode:node_modules/cacheable-lookup Completed in 613ms
343 http fetch GET 200 https://registry.npmjs.org/proxy-from-env/-/proxy-from-env-1.1.0.tgz 555ms (cache miss)
344 timing reifyNode:node_modules/proxy-from-env Completed in 618ms
345 http fetch GET 200 https://registry.npmjs.org/form-data/-/form-data-4.0.0.tgz 552ms (cache miss)
346 timing reifyNode:node_modules/form-data Completed in 622ms
347 http fetch GET 200 https://registry.npmjs.org/follow-redirects/-/follow-redirects-1.15.3.tgz 558ms (cache miss)
348 timing reifyNode:node_modules/follow-redirects Completed in 622ms
349 http fetch GET 200 https://registry.npmjs.org/@sindresorhus/is/-/is-4.6.0.tgz 573ms (cache miss)
350 timing reifyNode:node_modules/@sindresorhus/is Completed in 631ms
351 http fetch GET 200 https://registry.npmjs.org/asynckit/-/asynckit-0.4.0.tgz 572ms (cache miss)
352 timing reifyNode:node_modules/asynckit Completed in 634ms
353 http fetch GET 200 https://registry.npmjs.org/eventemitter3/-/eventemitter3-5.0.1.tgz 567ms (cache miss)
354 timing reifyNode:node_modules/eventemitter3 Completed in 638ms
355 http fetch GET 200 https://registry.npmjs.org/http2-wrapper/-/http2-wrapper-1.0.3.tgz 602ms (cache miss)
356 timing reifyNode:node_modules/http2-wrapper Completed in 651ms
357 http fetch GET 200 https://registry.npmjs.org/@scure/base/-/base-1.1.5.tgz 610ms (cache miss)
358 timing reifyNode:node_modules/@scure/base Completed in 676ms
359 http fetch GET 200 https://registry.npmjs.org/@aptos-labs/aptos-client/-/aptos-client-0.1.0.tgz 606ms (cache miss)
360 timing reifyNode:node_modules/@aptos-labs/aptos-client Completed in 684ms
361 http fetch GET 200 https://registry.npmjs.org/undici-types/-/undici-types-5.26.5.tgz 657ms (cache miss)
362 timing reifyNode:node_modules/undici-types Completed in 694ms
363 http fetch GET 200 https://registry.npmjs.org/tweetnacl/-/tweetnacl-1.0.3.tgz 627ms (cache miss)
364 timing reifyNode:node_modules/tweetnacl Completed in 696ms
365 http fetch GET 200 https://registry.npmjs.org/@scure/bip39/-/bip39-1.2.1.tgz 695ms (cache miss)
366 timing reifyNode:node_modules/@scure/bip39 Completed in 770ms
367 http fetch GET 200 https://registry.npmjs.org/got/-/got-11.8.6.tgz 709ms (cache miss)
368 timing reifyNode:node_modules/got Completed in 776ms
369 http fetch GET 200 https://registry.npmjs.org/@noble/hashes/-/hashes-1.3.3.tgz 770ms (cache miss)
370 timing reifyNode:node_modules/@noble/hashes Completed in 844ms
371 http fetch GET 200 https://registry.npmjs.org/axios/-/axios-1.6.2.tgz 805ms (cache miss)
372 timing reifyNode:node_modules/axios Completed in 874ms
373 http fetch GET 200 https://registry.npmjs.org/@types/node/-/node-20.10.5.tgz 902ms (cache miss)
374 timing reifyNode:node_modules/@types/node Completed in 939ms
375 http fetch GET 200 https://registry.npmjs.org/aptos/-/aptos-1.21.0.tgz 924ms (cache miss)
376 timing reifyNode:node_modules/aptos Completed in 1000ms
377 timing reify:unpack Completed in 1003ms
378 timing reify:unretire Completed in 0ms
379 timing build:queue Completed in 2ms
380 timing build:deps Completed in 2ms
381 timing build Completed in 2ms
382 timing reify:build Completed in 3ms
383 timing reify:trash Completed in 0ms
384 timing reify:save Completed in 18ms
385 timing reify Completed in 2370ms
386 silly ADD node_modules/wrappy
387 silly ADD node_modules/once
388 silly ADD node_modules/end-of-stream
389 silly ADD node_modules/mime-db
390 silly ADD node_modules/json-buffer
391 silly ADD node_modules/resolve-alpn
392 silly ADD node_modules/quick-lru
393 silly ADD node_modules/pump
394 silly ADD node_modules/mimic-response
395 silly ADD node_modules/normalize-url
396 silly ADD node_modules/keyv
397 silly ADD node_modules/http-cache-semantics
398 silly ADD node_modules/get-stream
399 silly ADD node_modules/clone-response
400 silly ADD node_modules/undici-types
401 silly ADD node_modules/@types/node
402 silly ADD node_modules/@types/keyv
403 silly ADD node_modules/@types/http-cache-semantics
404 silly ADD node_modules/defer-to-connect
405 silly ADD node_modules/responselike
406 silly ADD node_modules/p-cancelable
407 silly ADD node_modules/lowercase-keys
408 silly ADD node_modules/http2-wrapper
409 silly ADD node_modules/decompress-response
410 silly ADD node_modules/decompress-response/node_modules/mimic-response
411 silly ADD node_modules/cacheable-request
412 silly ADD node_modules/cacheable-lookup
413 silly ADD node_modules/@types/responselike
414 silly ADD node_modules/@types/cacheable-request
415 silly ADD node_modules/@szmarczak/http-timer
416 silly ADD node_modules/@sindresorhus/is
417 silly ADD node_modules/delayed-stream
418 silly ADD node_modules/mime-types
419 silly ADD node_modules/combined-stream
420 silly ADD node_modules/asynckit
421 silly ADD node_modules/proxy-from-env
422 silly ADD node_modules/follow-redirects
423 silly ADD node_modules/@scure/base
424 silly ADD node_modules/got
425 silly ADD node_modules/axios
426 silly ADD node_modules/tweetnacl
427 silly ADD node_modules/form-data
428 silly ADD node_modules/eventemitter3
429 silly ADD node_modules/@scure/bip39
430 silly ADD node_modules/@noble/hashes
431 silly ADD node_modules/@aptos-labs/aptos-client
432 silly ADD node_modules/aptos
433 timing command:i Completed in 2378ms
434 notice
434 notice New [32mpatch[39m version of npm available! [31m10.2.3[39m -> [32m10.2.5[39m
434 notice Changelog: [36mhttps://github.com/npm/cli/releases/tag/v10.2.5[39m
434 notice Run [32mnpm install -g npm@10.2.5[39m to update!
434 notice
435 verbose exit 0
436 timing npm Completed in 2552ms
437 info ok
