0 verbose cli /usr/bin/node /usr/lib/node_modules/npm/bin/npm-cli.js
1 info using npm@10.2.3
2 info using node@v20.10.0
3 timing npm:load:whichnode Completed in 3ms
4 timing config:load:defaults Completed in 2ms
5 timing config:load:file:/usr/lib/node_modules/npm/npmrc Completed in 1ms
6 timing config:load:builtin Completed in 1ms
7 timing config:load:cli Completed in 2ms
8 timing config:load:env Completed in 0ms
9 timing config:load:project Completed in 1ms
10 timing config:load:file:/home/ubuntu/.npmrc Completed in 0ms
11 timing config:load:user Completed in 0ms
12 timing config:load:file:/usr/etc/npmrc Completed in 0ms
13 timing config:load:global Completed in 0ms
14 timing config:load:setEnvs Completed in 0ms
15 timing config:load Completed in 7ms
16 timing npm:load:configload Completed in 7ms
17 timing config:load:flatten Completed in 2ms
18 timing npm:load:mkdirpcache Completed in 12ms
19 timing npm:load:mkdirplogs Completed in 0ms
20 verbose title npm exec create-react-app client --template typescript
21 verbose argv "exec" "--" "create-react-app" "client" "--template" "typescript"
22 timing npm:load:setTitle Completed in 1ms
23 timing npm:load:display Completed in 0ms
24 verbose logfile logs-max:10 dir:/home/ubuntu/.npm/_logs/2023-12-28T17_58_34_258Z-
25 verbose logfile /home/ubuntu/.npm/_logs/2023-12-28T17_58_34_258Z-debug-0.log
26 timing npm:load:logFile Completed in 9ms
27 timing npm:load:timers Completed in 0ms
28 timing npm:load:configScope Completed in 0ms
29 timing npm:load Completed in 47ms
30 silly logfile done cleaning log files
31 timing arborist:ctor Completed in 0ms
32 timing arborist:ctor Completed in 1ms
33 http fetch GET 200 https://registry.npmjs.org/create-react-app 205ms (cache miss)
34 timing arborist:ctor Completed in 0ms
35 timing arborist:ctor Completed in 0ms
36 timing arborist:ctor Completed in 0ms
37 timing idealTree:init Completed in 4ms
38 timing idealTree:userRequests Completed in 1ms
39 silly idealTree buildDeps
40 silly fetch manifest create-react-app@5.0.1
41 http fetch GET 200 https://registry.npmjs.org/create-react-app 7ms (cache hit)
42 silly placeDep ROOT create-react-app@5.0.1 OK for:  want: 5.0.1
43 silly fetch manifest chalk@^4.1.2
44 silly fetch manifest commander@^4.1.1
45 silly fetch manifest cross-spawn@^7.0.3
46 silly fetch manifest envinfo@^7.8.1
47 silly fetch manifest fs-extra@^10.0.0
48 silly fetch manifest hyperquest@^2.1.3
49 silly fetch manifest prompts@^2.4.2
50 silly fetch manifest semver@^7.3.5
51 silly fetch manifest tar-pack@^3.4.1
52 silly fetch manifest tmp@^0.2.1
53 silly fetch manifest validate-npm-package-name@^3.0.0
54 http fetch GET 200 https://registry.npmjs.org/chalk 63ms (cache miss)
55 http fetch GET 200 https://registry.npmjs.org/tmp 151ms (cache miss)
56 http fetch GET 200 https://registry.npmjs.org/cross-spawn 155ms (cache miss)
57 http fetch GET 200 https://registry.npmjs.org/tar-pack 152ms (cache miss)
58 http fetch GET 200 https://registry.npmjs.org/validate-npm-package-name 155ms (cache miss)
59 http fetch GET 200 https://registry.npmjs.org/hyperquest 159ms (cache miss)
60 http fetch GET 200 https://registry.npmjs.org/prompts 169ms (cache miss)
61 http fetch GET 200 https://registry.npmjs.org/fs-extra 171ms (cache miss)
62 http fetch GET 200 https://registry.npmjs.org/envinfo 175ms (cache miss)
63 http fetch GET 200 https://registry.npmjs.org/semver 175ms (cache miss)
64 http fetch GET 200 https://registry.npmjs.org/commander 180ms (cache miss)
65 timing idealTree:#root Completed in 196ms
66 silly placeDep ROOT chalk@4.1.2 OK for: create-react-app@5.0.1 want: ^4.1.2
67 silly fetch manifest ansi-styles@^4.1.0
68 silly fetch manifest supports-color@^7.1.0
69 silly placeDep ROOT commander@4.1.1 OK for: create-react-app@5.0.1 want: ^4.1.1
70 silly placeDep ROOT cross-spawn@7.0.3 OK for: create-react-app@5.0.1 want: ^7.0.3
71 silly fetch manifest path-key@^3.1.0
72 silly fetch manifest shebang-command@^2.0.0
73 silly fetch manifest which@^2.0.1
74 silly placeDep ROOT envinfo@7.11.0 OK for: create-react-app@5.0.1 want: ^7.8.1
75 silly placeDep ROOT fs-extra@10.1.0 OK for: create-react-app@5.0.1 want: ^10.0.0
76 silly fetch manifest graceful-fs@^4.2.0
77 silly fetch manifest jsonfile@^6.0.1
78 silly fetch manifest universalify@^2.0.0
79 silly placeDep ROOT hyperquest@2.1.3 OK for: create-react-app@5.0.1 want: ^2.1.3
80 silly fetch manifest buffer-from@^0.1.1
81 silly fetch manifest duplexer2@~0.0.2
82 silly fetch manifest through2@~0.6.3
83 silly placeDep ROOT prompts@2.4.2 OK for: create-react-app@5.0.1 want: ^2.4.2
84 silly fetch manifest kleur@^3.0.3
85 silly fetch manifest sisteransi@^1.0.5
86 silly placeDep ROOT semver@7.5.4 OK for: create-react-app@5.0.1 want: ^7.3.5
87 silly fetch manifest lru-cache@^6.0.0
88 silly placeDep ROOT tar-pack@3.4.1 OK for: create-react-app@5.0.1 want: ^3.4.1
89 silly fetch manifest debug@^2.2.0
90 silly fetch manifest fstream@^1.0.10
91 silly fetch manifest fstream-ignore@^1.0.5
92 silly fetch manifest once@^1.3.3
93 silly fetch manifest readable-stream@^2.1.4
94 silly fetch manifest rimraf@^2.5.1
95 silly fetch manifest tar@^2.2.1
96 silly fetch manifest uid-number@^0.0.6
97 silly placeDep ROOT tmp@0.2.1 OK for: create-react-app@5.0.1 want: ^0.2.1
98 silly fetch manifest rimraf@^3.0.0
99 silly placeDep ROOT validate-npm-package-name@3.0.0 OK for: create-react-app@5.0.1 want: ^3.0.0
100 silly fetch manifest builtins@^1.0.3
101 http fetch GET 200 https://registry.npmjs.org/path-key 142ms (cache miss)
102 http fetch GET 200 https://registry.npmjs.org/shebang-command 192ms (cache miss)
103 http fetch GET 200 https://registry.npmjs.org/buffer-from 188ms (cache miss)
104 http fetch GET 200 https://registry.npmjs.org/jsonfile 193ms (cache miss)
105 http fetch GET 200 https://registry.npmjs.org/ansi-styles 201ms (cache miss)
106 http fetch GET 200 https://registry.npmjs.org/duplexer2 194ms (cache miss)
107 http fetch GET 200 https://registry.npmjs.org/through2 206ms (cache miss)
108 http fetch GET 200 https://registry.npmjs.org/once 228ms (cache revalidated)
109 http fetch GET 200 https://registry.npmjs.org/which 241ms (cache miss)
110 http fetch GET 200 https://registry.npmjs.org/supports-color 251ms (cache miss)
111 http fetch GET 200 https://registry.npmjs.org/fstream-ignore 239ms (cache miss)
112 http fetch GET 200 https://registry.npmjs.org/graceful-fs 252ms (cache miss)
113 http fetch GET 200 https://registry.npmjs.org/uid-number 241ms (cache miss)
114 http fetch GET 200 https://registry.npmjs.org/fstream 246ms (cache miss)
115 http fetch GET 200 https://registry.npmjs.org/sisteransi 249ms (cache miss)
116 http fetch GET 200 https://registry.npmjs.org/universalify 254ms (cache miss)
117 http fetch GET 200 https://registry.npmjs.org/builtins 242ms (cache miss)
118 http fetch GET 200 https://registry.npmjs.org/kleur 256ms (cache miss)
119 http fetch GET 200 https://registry.npmjs.org/debug 255ms (cache miss)
120 http fetch GET 200 https://registry.npmjs.org/rimraf 257ms (cache miss)
121 http fetch GET 200 https://registry.npmjs.org/rimraf 257ms (cache miss)
122 http fetch GET 200 https://registry.npmjs.org/readable-stream 264ms (cache miss)
123 http fetch GET 200 https://registry.npmjs.org/tar 277ms (cache miss)
124 http fetch GET 200 https://registry.npmjs.org/lru-cache 291ms (cache miss)
125 timing idealTree:node_modules/create-react-app Completed in 311ms
126 silly placeDep ROOT ansi-styles@4.3.0 OK for: chalk@4.1.2 want: ^4.1.0
127 silly fetch manifest color-convert@^2.0.1
128 silly placeDep ROOT supports-color@7.2.0 OK for: chalk@4.1.2 want: ^7.1.0
129 silly fetch manifest has-flag@^4.0.0
130 http fetch GET 200 https://registry.npmjs.org/color-convert 33ms (cache miss)
131 http fetch GET 200 https://registry.npmjs.org/has-flag 45ms (cache miss)
132 timing idealTree:node_modules/chalk Completed in 50ms
133 silly placeDep ROOT color-convert@2.0.1 OK for: ansi-styles@4.3.0 want: ^2.0.1
134 silly fetch manifest color-name@~1.1.4
135 http fetch GET 200 https://registry.npmjs.org/color-name 36ms (cache miss)
136 timing idealTree:node_modules/ansi-styles Completed in 38ms
137 silly placeDep ROOT color-name@1.1.4 OK for: color-convert@2.0.1 want: ~1.1.4
138 timing idealTree:node_modules/color-convert Completed in 1ms
139 timing idealTree:node_modules/color-name Completed in 1ms
140 timing idealTree:node_modules/commander Completed in 0ms
141 silly placeDep ROOT path-key@3.1.1 OK for: cross-spawn@7.0.3 want: ^3.1.0
142 silly placeDep ROOT shebang-command@2.0.0 OK for: cross-spawn@7.0.3 want: ^2.0.0
143 silly fetch manifest shebang-regex@^3.0.0
144 silly placeDep ROOT which@2.0.2 OK for: cross-spawn@7.0.3 want: ^2.0.1
145 silly fetch manifest isexe@^2.0.0
146 http fetch GET 200 https://registry.npmjs.org/isexe 30ms (cache miss)
147 http fetch GET 200 https://registry.npmjs.org/shebang-regex 41ms (cache miss)
148 timing idealTree:node_modules/cross-spawn Completed in 44ms
149 timing idealTree:node_modules/envinfo Completed in 0ms
150 silly placeDep ROOT graceful-fs@4.2.11 OK for: fs-extra@10.1.0 want: ^4.2.0
151 silly placeDep ROOT jsonfile@6.1.0 OK for: fs-extra@10.1.0 want: ^6.0.1
152 silly placeDep ROOT universalify@2.0.1 OK for: fs-extra@10.1.0 want: ^2.0.0
153 timing idealTree:node_modules/fs-extra Completed in 6ms
154 timing idealTree:node_modules/graceful-fs Completed in 0ms
155 silly placeDep ROOT buffer-from@0.1.2 OK for: hyperquest@2.1.3 want: ^0.1.1
156 silly placeDep ROOT duplexer2@0.0.2 OK for: hyperquest@2.1.3 want: ~0.0.2
157 silly fetch manifest readable-stream@~1.1.9
158 silly placeDep ROOT through2@0.6.5 OK for: hyperquest@2.1.3 want: ~0.6.3
159 silly fetch manifest readable-stream@>=1.0.33-1 <1.1.0-0
160 silly fetch manifest xtend@>=4.0.0 <4.1.0-0
161 http fetch GET 200 https://registry.npmjs.org/xtend 51ms (cache miss)
162 timing idealTree:node_modules/hyperquest Completed in 55ms
163 timing idealTree:node_modules/buffer-from Completed in 0ms
164 silly placeDep ROOT readable-stream@1.1.14 OK for: duplexer2@0.0.2 want: ~1.1.9
165 silly fetch manifest core-util-is@~1.0.0
166 silly fetch manifest isarray@0.0.1
167 silly fetch manifest string_decoder@~0.10.x
168 silly fetch manifest inherits@~2.0.1
169 http fetch GET 200 https://registry.npmjs.org/string_decoder 43ms (cache miss)
170 http fetch GET 200 https://registry.npmjs.org/inherits 49ms (cache miss)
171 http fetch GET 200 https://registry.npmjs.org/isarray 52ms (cache miss)
172 http fetch GET 200 https://registry.npmjs.org/core-util-is 57ms (cache miss)
173 timing idealTree:node_modules/duplexer2 Completed in 59ms
174 timing idealTree:node_modules/jsonfile Completed in 0ms
175 timing idealTree:node_modules/path-key Completed in 0ms
176 silly placeDep ROOT kleur@3.0.3 OK for: prompts@2.4.2 want: ^3.0.3
177 silly placeDep ROOT sisteransi@1.0.5 OK for: prompts@2.4.2 want: ^1.0.5
178 timing idealTree:node_modules/prompts Completed in 2ms
179 timing idealTree:node_modules/kleur Completed in 0ms
180 silly placeDep ROOT core-util-is@1.0.3 OK for: readable-stream@1.1.14 want: ~1.0.0
181 silly placeDep ROOT inherits@2.0.4 OK for: readable-stream@1.1.14 want: ~2.0.1
182 silly placeDep ROOT isarray@0.0.1 OK for: readable-stream@1.1.14 want: 0.0.1
183 silly placeDep ROOT string_decoder@0.10.31 OK for: readable-stream@1.1.14 want: ~0.10.x
184 timing idealTree:node_modules/readable-stream Completed in 4ms
185 timing idealTree:node_modules/core-util-is Completed in 0ms
186 timing idealTree:node_modules/inherits Completed in 0ms
187 timing idealTree:node_modules/isarray Completed in 0ms
188 silly placeDep ROOT lru-cache@6.0.0 OK for: semver@7.5.4 want: ^6.0.0
189 silly fetch manifest yallist@^4.0.0
190 http fetch GET 200 https://registry.npmjs.org/yallist 33ms (cache miss)
191 timing idealTree:node_modules/semver Completed in 36ms
192 silly placeDep ROOT yallist@4.0.0 OK for: lru-cache@6.0.0 want: ^4.0.0
193 timing idealTree:node_modules/lru-cache Completed in 1ms
194 silly placeDep ROOT shebang-regex@3.0.0 OK for: shebang-command@2.0.0 want: ^3.0.0
195 timing idealTree:node_modules/shebang-command Completed in 1ms
196 timing idealTree:node_modules/shebang-regex Completed in 0ms
197 timing idealTree:node_modules/sisteransi Completed in 0ms
198 timing idealTree:node_modules/string_decoder Completed in 0ms
199 silly placeDep ROOT has-flag@4.0.0 OK for: supports-color@7.2.0 want: ^4.0.0
200 timing idealTree:node_modules/supports-color Completed in 1ms
201 timing idealTree:node_modules/has-flag Completed in 0ms
202 silly placeDep ROOT debug@2.6.9 OK for: tar-pack@3.4.1 want: ^2.2.0
203 silly fetch manifest ms@2.0.0
204 silly placeDep ROOT fstream@1.0.12 OK for: tar-pack@3.4.1 want: ^1.0.10
205 silly fetch manifest mkdirp@>=0.5 0
206 silly fetch manifest rimraf@2
207 silly placeDep ROOT fstream-ignore@1.0.5 OK for: tar-pack@3.4.1 want: ^1.0.5
208 silly fetch manifest minimatch@^3.0.0
209 silly placeDep ROOT once@1.4.0 OK for: tar-pack@3.4.1 want: ^1.3.3
210 silly fetch manifest wrappy@1
211 silly placeDep node_modules/tar-pack readable-stream@2.3.8 OK for: tar-pack@3.4.1 want: ^2.1.4
212 silly fetch manifest isarray@~1.0.0
213 silly fetch manifest process-nextick-args@~2.0.0
214 silly fetch manifest safe-buffer@~5.1.1
215 silly fetch manifest string_decoder@~1.1.1
216 silly fetch manifest util-deprecate@~1.0.1
217 silly placeDep ROOT rimraf@2.7.1 OK for: tar-pack@3.4.1 want: ^2.5.1
218 silly fetch manifest glob@^7.1.3
219 silly placeDep ROOT tar@2.2.2 OK for: tar-pack@3.4.1 want: ^2.2.1
220 silly fetch manifest block-stream@*
221 silly placeDep ROOT uid-number@0.0.6 OK for: tar-pack@3.4.1 want: ^0.0.6
222 http fetch GET 200 https://registry.npmjs.org/wrappy 99ms (cache revalidated)
223 http fetch GET 200 https://registry.npmjs.org/util-deprecate 96ms (cache miss)
224 http fetch GET 200 https://registry.npmjs.org/mkdirp 106ms (cache miss)
225 http fetch GET 200 https://registry.npmjs.org/ms 109ms (cache miss)
226 http fetch GET 200 https://registry.npmjs.org/safe-buffer 101ms (cache miss)
227 http fetch GET 200 https://registry.npmjs.org/process-nextick-args 102ms (cache miss)
228 http fetch GET 200 https://registry.npmjs.org/block-stream 92ms (cache miss)
229 http fetch GET 200 https://registry.npmjs.org/minimatch 109ms (cache miss)
230 http fetch GET 200 https://registry.npmjs.org/glob 104ms (cache miss)
231 timing idealTree:node_modules/tar-pack Completed in 130ms
232 silly placeDep ROOT ms@2.0.0 OK for: debug@2.6.9 want: 2.0.0
233 timing idealTree:node_modules/debug Completed in 1ms
234 silly placeDep ROOT mkdirp@0.5.6 OK for: fstream@1.0.12 want: >=0.5 0
235 silly fetch manifest minimist@^1.2.6
236 http fetch GET 200 https://registry.npmjs.org/minimist 73ms (cache miss)
237 timing idealTree:node_modules/fstream Completed in 76ms
238 silly placeDep ROOT minimatch@3.1.2 OK for: fstream-ignore@1.0.5 want: ^3.0.0
239 silly fetch manifest brace-expansion@^1.1.7
240 http fetch GET 200 https://registry.npmjs.org/brace-expansion 32ms (cache miss)
241 timing idealTree:node_modules/fstream-ignore Completed in 35ms
242 silly placeDep ROOT brace-expansion@1.1.11 OK for: minimatch@3.1.2 want: ^1.1.7
243 silly fetch manifest balanced-match@^1.0.0
244 silly fetch manifest concat-map@0.0.1
245 http fetch GET 200 https://registry.npmjs.org/balanced-match 49ms (cache miss)
246 http fetch GET 200 https://registry.npmjs.org/concat-map 70ms (cache miss)
247 timing idealTree:node_modules/minimatch Completed in 74ms
248 silly placeDep ROOT balanced-match@1.0.2 OK for: brace-expansion@1.1.11 want: ^1.0.0
249 silly placeDep ROOT concat-map@0.0.1 OK for: brace-expansion@1.1.11 want: 0.0.1
250 timing idealTree:node_modules/brace-expansion Completed in 3ms
251 timing idealTree:node_modules/balanced-match Completed in 0ms
252 timing idealTree:node_modules/concat-map Completed in 0ms
253 silly placeDep ROOT minimist@1.2.8 OK for: mkdirp@0.5.6 want: ^1.2.6
254 timing idealTree:node_modules/mkdirp Completed in 1ms
255 timing idealTree:node_modules/minimist Completed in 0ms
256 timing idealTree:node_modules/ms Completed in 0ms
257 silly placeDep ROOT wrappy@1.0.2 OK for: once@1.4.0 want: 1
258 timing idealTree:node_modules/once Completed in 1ms
259 silly placeDep ROOT glob@7.2.3 OK for: rimraf@2.7.1 want: ^7.1.3
260 silly fetch manifest fs.realpath@^1.0.0
261 silly fetch manifest inflight@^1.0.4
262 silly fetch manifest path-is-absolute@^1.0.0
263 http fetch GET 200 https://registry.npmjs.org/fs.realpath 31ms (cache miss)
264 http fetch GET 200 https://registry.npmjs.org/path-is-absolute 36ms (cache miss)
265 http fetch GET 200 https://registry.npmjs.org/inflight 39ms (cache miss)
266 timing idealTree:node_modules/rimraf Completed in 43ms
267 silly placeDep ROOT fs.realpath@1.0.0 OK for: glob@7.2.3 want: ^1.0.0
268 silly placeDep ROOT inflight@1.0.6 OK for: glob@7.2.3 want: ^1.0.4
269 silly placeDep ROOT path-is-absolute@1.0.1 OK for: glob@7.2.3 want: ^1.0.0
270 timing idealTree:node_modules/glob Completed in 4ms
271 timing idealTree:node_modules/fs.realpath Completed in 0ms
272 timing idealTree:node_modules/inflight Completed in 0ms
273 timing idealTree:node_modules/path-is-absolute Completed in 0ms
274 silly placeDep ROOT block-stream@0.0.9 OK for: tar@2.2.2 want: *
275 timing idealTree:node_modules/tar Completed in 1ms
276 timing idealTree:node_modules/block-stream Completed in 0ms
277 silly placeDep node_modules/through2 readable-stream@1.0.34 OK for: through2@0.6.5 want: >=1.0.33-1 <1.1.0-0
278 silly placeDep ROOT xtend@4.0.2 OK for: through2@0.6.5 want: >=4.0.0 <4.1.0-0
279 timing idealTree:node_modules/through2 Completed in 3ms
280 silly placeDep node_modules/tmp rimraf@3.0.2 OK for: tmp@0.2.1 want: ^3.0.0
281 timing idealTree:node_modules/tmp Completed in 2ms
282 timing idealTree:node_modules/uid-number Completed in 0ms
283 timing idealTree:node_modules/universalify Completed in 0ms
284 silly placeDep ROOT builtins@1.0.3 OK for: validate-npm-package-name@3.0.0 want: ^1.0.3
285 timing idealTree:node_modules/validate-npm-package-name Completed in 2ms
286 timing idealTree:node_modules/builtins Completed in 0ms
287 silly placeDep ROOT isexe@2.0.0 OK for: which@2.0.2 want: ^2.0.0
288 timing idealTree:node_modules/which Completed in 1ms
289 timing idealTree:node_modules/isexe Completed in 0ms
290 timing idealTree:node_modules/wrappy Completed in 0ms
291 timing idealTree:node_modules/xtend Completed in 0ms
292 timing idealTree:node_modules/yallist Completed in 0ms
293 silly placeDep node_modules/tar-pack isarray@1.0.0 OK for: readable-stream@2.3.8 want: ~1.0.0
294 silly placeDep ROOT process-nextick-args@2.0.1 OK for: readable-stream@2.3.8 want: ~2.0.0
295 silly placeDep ROOT safe-buffer@5.1.2 OK for: readable-stream@2.3.8 want: ~5.1.1
296 silly placeDep node_modules/tar-pack string_decoder@1.1.1 OK for: readable-stream@2.3.8 want: ~1.1.1
297 silly placeDep ROOT util-deprecate@1.0.2 OK for: readable-stream@2.3.8 want: ~1.0.1
298 timing idealTree:node_modules/tar-pack/node_modules/readable-stream Completed in 7ms
299 timing idealTree:node_modules/process-nextick-args Completed in 0ms
300 timing idealTree:node_modules/safe-buffer Completed in 0ms
301 timing idealTree:node_modules/util-deprecate Completed in 0ms
302 timing idealTree:node_modules/tar-pack/node_modules/isarray Completed in 0ms
303 timing idealTree:node_modules/tar-pack/node_modules/string_decoder Completed in 0ms
304 timing idealTree:node_modules/through2/node_modules/readable-stream Completed in 0ms
305 timing idealTree:node_modules/tmp/node_modules/rimraf Completed in 0ms
306 timing idealTree:buildDeps Completed in 1194ms
307 timing idealTree:fixDepFlags Completed in 1ms
308 timing idealTree Completed in 1203ms
309 timing reify:loadTrees Completed in 1203ms
310 timing reify:diffTrees Completed in 3ms
311 silly reify moves {}
312 timing reify:retireShallow Completed in 1ms
313 timing reify:createSparse Completed in 14ms
314 timing reify:loadBundles Completed in 0ms
315 silly audit bulk request {
315 silly audit   'create-react-app': [ '5.0.1' ],
315 silly audit   chalk: [ '4.1.2' ],
315 silly audit   commander: [ '4.1.1' ],
315 silly audit   'cross-spawn': [ '7.0.3' ],
315 silly audit   envinfo: [ '7.11.0' ],
315 silly audit   'fs-extra': [ '10.1.0' ],
315 silly audit   hyperquest: [ '2.1.3' ],
315 silly audit   prompts: [ '2.4.2' ],
315 silly audit   semver: [ '7.5.4' ],
315 silly audit   'tar-pack': [ '3.4.1' ],
315 silly audit   tmp: [ '0.2.1' ],
315 silly audit   'validate-npm-package-name': [ '3.0.0' ],
315 silly audit   'ansi-styles': [ '4.3.0' ],
315 silly audit   'supports-color': [ '7.2.0' ],
315 silly audit   'color-convert': [ '2.0.1' ],
315 silly audit   'color-name': [ '1.1.4' ],
315 silly audit   'path-key': [ '3.1.1' ],
315 silly audit   'shebang-command': [ '2.0.0' ],
315 silly audit   which: [ '2.0.2' ],
315 silly audit   'graceful-fs': [ '4.2.11' ],
315 silly audit   jsonfile: [ '6.1.0' ],
315 silly audit   universalify: [ '2.0.1' ],
315 silly audit   'buffer-from': [ '0.1.2' ],
315 silly audit   duplexer2: [ '0.0.2' ],
315 silly audit   through2: [ '0.6.5' ],
315 silly audit   'readable-stream': [ '1.1.14', '2.3.8', '1.0.34' ],
315 silly audit   kleur: [ '3.0.3' ],
315 silly audit   sisteransi: [ '1.0.5' ],
315 silly audit   'core-util-is': [ '1.0.3' ],
315 silly audit   inherits: [ '2.0.4' ],
315 silly audit   isarray: [ '0.0.1', '1.0.0' ],
315 silly audit   string_decoder: [ '0.10.31', '1.1.1' ],
315 silly audit   'lru-cache': [ '6.0.0' ],
315 silly audit   yallist: [ '4.0.0' ],
315 silly audit   'shebang-regex': [ '3.0.0' ],
315 silly audit   'has-flag': [ '4.0.0' ],
315 silly audit   debug: [ '2.6.9' ],
315 silly audit   fstream: [ '1.0.12' ],
315 silly audit   'fstream-ignore': [ '1.0.5' ],
315 silly audit   once: [ '1.4.0' ],
315 silly audit   rimraf: [ '2.7.1', '3.0.2' ],
315 silly audit   tar: [ '2.2.2' ],
315 silly audit   'uid-number': [ '0.0.6' ],
315 silly audit   ms: [ '2.0.0' ],
315 silly audit   mkdirp: [ '0.5.6' ],
315 silly audit   minimatch: [ '3.1.2' ],
315 silly audit   'brace-expansion': [ '1.1.11' ],
315 silly audit   'balanced-match': [ '1.0.2' ],
315 silly audit   'concat-map': [ '0.0.1' ],
315 silly audit   minimist: [ '1.2.8' ],
315 silly audit   wrappy: [ '1.0.2' ],
315 silly audit   glob: [ '7.2.3' ],
315 silly audit   'fs.realpath': [ '1.0.0' ],
315 silly audit   inflight: [ '1.0.6' ],
315 silly audit   'path-is-absolute': [ '1.0.1' ],
315 silly audit   'block-stream': [ '0.0.9' ],
315 silly audit   xtend: [ '4.0.2' ],
315 silly audit   builtins: [ '1.0.3' ],
315 silly audit   isexe: [ '2.0.0' ],
315 silly audit   'process-nextick-args': [ '2.0.1' ],
315 silly audit   'safe-buffer': [ '5.1.2' ],
315 silly audit   'util-deprecate': [ '1.0.2' ]
315 silly audit }
316 silly tarball no local data for util-deprecate@https://registry.npmjs.org/util-deprecate/-/util-deprecate-1.0.2.tgz. Extracting by manifest.
317 silly tarball no local data for safe-buffer@https://registry.npmjs.org/safe-buffer/-/safe-buffer-5.1.2.tgz. Extracting by manifest.
318 silly tarball no local data for process-nextick-args@https://registry.npmjs.org/process-nextick-args/-/process-nextick-args-2.0.1.tgz. Extracting by manifest.
319 silly tarball no local data for isexe@https://registry.npmjs.org/isexe/-/isexe-2.0.0.tgz. Extracting by manifest.
320 silly tarball no local data for builtins@https://registry.npmjs.org/builtins/-/builtins-1.0.3.tgz. Extracting by manifest.
321 silly tarball no local data for xtend@https://registry.npmjs.org/xtend/-/xtend-4.0.2.tgz. Extracting by manifest.
322 silly tarball no local data for block-stream@https://registry.npmjs.org/block-stream/-/block-stream-0.0.9.tgz. Extracting by manifest.
323 silly tarball no local data for path-is-absolute@https://registry.npmjs.org/path-is-absolute/-/path-is-absolute-1.0.1.tgz. Extracting by manifest.
324 silly tarball no local data for inflight@https://registry.npmjs.org/inflight/-/inflight-1.0.6.tgz. Extracting by manifest.
325 silly tarball no local data for fs.realpath@https://registry.npmjs.org/fs.realpath/-/fs.realpath-1.0.0.tgz. Extracting by manifest.
326 silly tarball no local data for glob@https://registry.npmjs.org/glob/-/glob-7.2.3.tgz. Extracting by manifest.
327 silly tarball no local data for minimist@https://registry.npmjs.org/minimist/-/minimist-1.2.8.tgz. Extracting by manifest.
328 silly tarball no local data for concat-map@https://registry.npmjs.org/concat-map/-/concat-map-0.0.1.tgz. Extracting by manifest.
329 silly tarball no local data for string_decoder@https://registry.npmjs.org/string_decoder/-/string_decoder-1.1.1.tgz. Extracting by manifest.
330 silly tarball no local data for isarray@https://registry.npmjs.org/isarray/-/isarray-1.0.0.tgz. Extracting by manifest.
331 silly tarball no local data for readable-stream@https://registry.npmjs.org/readable-stream/-/readable-stream-2.3.8.tgz. Extracting by manifest.
332 silly tarball no local data for balanced-match@https://registry.npmjs.org/balanced-match/-/balanced-match-1.0.2.tgz. Extracting by manifest.
333 silly tarball no local data for brace-expansion@https://registry.npmjs.org/brace-expansion/-/brace-expansion-1.1.11.tgz. Extracting by manifest.
334 silly tarball no local data for minimatch@https://registry.npmjs.org/minimatch/-/minimatch-3.1.2.tgz. Extracting by manifest.
335 silly tarball no local data for mkdirp@https://registry.npmjs.org/mkdirp/-/mkdirp-0.5.6.tgz. Extracting by manifest.
336 silly tarball no local data for ms@https://registry.npmjs.org/ms/-/ms-2.0.0.tgz. Extracting by manifest.
337 silly tarball no local data for uid-number@https://registry.npmjs.org/uid-number/-/uid-number-0.0.6.tgz. Extracting by manifest.
338 silly tarball no local data for tar@https://registry.npmjs.org/tar/-/tar-2.2.2.tgz. Extracting by manifest.
339 silly tarball no local data for rimraf@https://registry.npmjs.org/rimraf/-/rimraf-2.7.1.tgz. Extracting by manifest.
340 silly tarball no local data for fstream-ignore@https://registry.npmjs.org/fstream-ignore/-/fstream-ignore-1.0.5.tgz. Extracting by manifest.
341 silly tarball no local data for fstream@https://registry.npmjs.org/fstream/-/fstream-1.0.12.tgz. Extracting by manifest.
342 silly tarball no local data for debug@https://registry.npmjs.org/debug/-/debug-2.6.9.tgz. Extracting by manifest.
343 silly tarball no local data for has-flag@https://registry.npmjs.org/has-flag/-/has-flag-4.0.0.tgz. Extracting by manifest.
344 silly tarball no local data for shebang-regex@https://registry.npmjs.org/shebang-regex/-/shebang-regex-3.0.0.tgz. Extracting by manifest.
345 silly tarball no local data for yallist@https://registry.npmjs.org/yallist/-/yallist-4.0.0.tgz. Extracting by manifest.
346 silly tarball no local data for lru-cache@https://registry.npmjs.org/lru-cache/-/lru-cache-6.0.0.tgz. Extracting by manifest.
347 silly tarball no local data for string_decoder@https://registry.npmjs.org/string_decoder/-/string_decoder-0.10.31.tgz. Extracting by manifest.
348 silly tarball no local data for isarray@https://registry.npmjs.org/isarray/-/isarray-0.0.1.tgz. Extracting by manifest.
349 silly tarball no local data for inherits@https://registry.npmjs.org/inherits/-/inherits-2.0.4.tgz. Extracting by manifest.
350 silly tarball no local data for core-util-is@https://registry.npmjs.org/core-util-is/-/core-util-is-1.0.3.tgz. Extracting by manifest.
351 silly tarball no local data for sisteransi@https://registry.npmjs.org/sisteransi/-/sisteransi-1.0.5.tgz. Extracting by manifest.
352 silly tarball no local data for kleur@https://registry.npmjs.org/kleur/-/kleur-3.0.3.tgz. Extracting by manifest.
353 silly tarball no local data for readable-stream@https://registry.npmjs.org/readable-stream/-/readable-stream-1.1.14.tgz. Extracting by manifest.
354 silly tarball no local data for through2@https://registry.npmjs.org/through2/-/through2-0.6.5.tgz. Extracting by manifest.
355 silly tarball no local data for duplexer2@https://registry.npmjs.org/duplexer2/-/duplexer2-0.0.2.tgz. Extracting by manifest.
356 silly tarball no local data for buffer-from@https://registry.npmjs.org/buffer-from/-/buffer-from-0.1.2.tgz. Extracting by manifest.
357 silly tarball no local data for universalify@https://registry.npmjs.org/universalify/-/universalify-2.0.1.tgz. Extracting by manifest.
358 silly tarball no local data for jsonfile@https://registry.npmjs.org/jsonfile/-/jsonfile-6.1.0.tgz. Extracting by manifest.
359 silly tarball no local data for graceful-fs@https://registry.npmjs.org/graceful-fs/-/graceful-fs-4.2.11.tgz. Extracting by manifest.
360 silly tarball no local data for which@https://registry.npmjs.org/which/-/which-2.0.2.tgz. Extracting by manifest.
361 silly tarball no local data for shebang-command@https://registry.npmjs.org/shebang-command/-/shebang-command-2.0.0.tgz. Extracting by manifest.
362 silly tarball no local data for path-key@https://registry.npmjs.org/path-key/-/path-key-3.1.1.tgz. Extracting by manifest.
363 silly tarball no local data for color-name@https://registry.npmjs.org/color-name/-/color-name-1.1.4.tgz. Extracting by manifest.
364 silly tarball no local data for color-convert@https://registry.npmjs.org/color-convert/-/color-convert-2.0.1.tgz. Extracting by manifest.
365 silly tarball no local data for supports-color@https://registry.npmjs.org/supports-color/-/supports-color-7.2.0.tgz. Extracting by manifest.
366 silly tarball no local data for ansi-styles@https://registry.npmjs.org/ansi-styles/-/ansi-styles-4.3.0.tgz. Extracting by manifest.
367 silly tarball no local data for validate-npm-package-name@https://registry.npmjs.org/validate-npm-package-name/-/validate-npm-package-name-3.0.0.tgz. Extracting by manifest.
368 silly tarball no local data for tmp@https://registry.npmjs.org/tmp/-/tmp-0.2.1.tgz. Extracting by manifest.
369 silly tarball no local data for tar-pack@https://registry.npmjs.org/tar-pack/-/tar-pack-3.4.1.tgz. Extracting by manifest.
370 silly tarball no local data for semver@https://registry.npmjs.org/semver/-/semver-7.5.4.tgz. Extracting by manifest.
371 silly tarball no local data for prompts@https://registry.npmjs.org/prompts/-/prompts-2.4.2.tgz. Extracting by manifest.
372 silly tarball no local data for hyperquest@https://registry.npmjs.org/hyperquest/-/hyperquest-2.1.3.tgz. Extracting by manifest.
373 silly tarball no local data for fs-extra@https://registry.npmjs.org/fs-extra/-/fs-extra-10.1.0.tgz. Extracting by manifest.
374 silly tarball no local data for envinfo@https://registry.npmjs.org/envinfo/-/envinfo-7.11.0.tgz. Extracting by manifest.
375 silly tarball no local data for cross-spawn@https://registry.npmjs.org/cross-spawn/-/cross-spawn-7.0.3.tgz. Extracting by manifest.
376 silly tarball no local data for commander@https://registry.npmjs.org/commander/-/commander-4.1.1.tgz. Extracting by manifest.
377 silly tarball no local data for chalk@https://registry.npmjs.org/chalk/-/chalk-4.1.2.tgz. Extracting by manifest.
378 silly tarball no local data for create-react-app@https://registry.npmjs.org/create-react-app/-/create-react-app-5.0.1.tgz. Extracting by manifest.
379 silly tarball no local data for readable-stream@https://registry.npmjs.org/readable-stream/-/readable-stream-1.0.34.tgz. Extracting by manifest.
380 silly tarball no local data for rimraf@https://registry.npmjs.org/rimraf/-/rimraf-3.0.2.tgz. Extracting by manifest.
381 http fetch POST 200 https://registry.npmjs.org/-/npm/v1/security/advisories/bulk 285ms
382 timing auditReport:getReport Completed in 288ms
383 silly audit report {
383 silly audit report   tar: [
383 silly audit report     {
383 silly audit report       id: 1089685,
383 silly audit report       url: 'https://github.com/advisories/GHSA-3jfq-g458-7qm9',
383 silly audit report       title: 'Arbitrary File Creation/Overwrite due to insufficient absolute path sanitization',
383 silly audit report       severity: 'high',
383 silly audit report       vulnerable_versions: '<3.2.2',
383 silly audit report       cwe: [Array],
383 silly audit report       cvss: [Object]
383 silly audit report     },
383 silly audit report     {
383 silly audit report       id: 1095111,
383 silly audit report       url: 'https://github.com/advisories/GHSA-9r2w-394v-53qc',
383 silly audit report       title: 'Arbitrary File Creation/Overwrite via insufficient symlink protection due to directory cache poisoning using symbolic links',
383 silly audit report       severity: 'high',
383 silly audit report       vulnerable_versions: '<4.4.16',
383 silly audit report       cwe: [Array],
383 silly audit report       cvss: [Object]
383 silly audit report     },
383 silly audit report     {
383 silly audit report       id: 1095114,
383 silly audit report       url: 'https://github.com/advisories/GHSA-qq89-hq3f-393p',
383 silly audit report       title: 'Arbitrary File Creation/Overwrite via insufficient symlink protection due to directory cache poisoning using symbolic links',
383 silly audit report       severity: 'high',
383 silly audit report       vulnerable_versions: '<4.4.18',
383 silly audit report       cwe: [Array],
383 silly audit report       cvss: [Object]
383 silly audit report     },
383 silly audit report     {
383 silly audit report       id: 1095117,
383 silly audit report       url: 'https://github.com/advisories/GHSA-5955-9wpr-37jh',
383 silly audit report       title: 'Arbitrary File Creation/Overwrite on Windows via insufficient relative path sanitization',
383 silly audit report       severity: 'high',
383 silly audit report       vulnerable_versions: '<4.4.18',
383 silly audit report       cwe: [Array],
383 silly audit report       cvss: [Object]
383 silly audit report     },
383 silly audit report     {
383 silly audit report       id: 1095108,
383 silly audit report       url: 'https://github.com/advisories/GHSA-r628-mhmh-qjhw',
383 silly audit report       title: 'Arbitrary File Creation/Overwrite via insufficient symlink protection due to directory cache poisoning',
383 silly audit report       severity: 'high',
383 silly audit report       vulnerable_versions: '<3.2.3',
383 silly audit report       cwe: [Array],
383 silly audit report       cvss: [Object]
383 silly audit report     }
383 silly audit report   ]
383 silly audit report }
384 timing metavuln:packument:tar Completed in 1ms
385 timing metavuln:cache:get:security-advisory:tar:Oa066nJpV2ox85F6qnk1N5eWmAmoWAMU7byYhWk4oYfHYrQ8aGHfCKRikfcy0dHDcKWKiPRc7Nz7R9fxKkj0Yw== Completed in 7ms
386 timing metavuln:load:security-advisory:tar:1089685 Completed in 5ms
387 timing metavuln:cache:get:security-advisory:tar:qweLcXkEUn/DfcnjzFJUEu5do6vr8IqTSdS35f49423/NY+krD30fMYGS5ccPHEBFlS0ATRDv0Dw3++xYe5pdA== Completed in 12ms
388 timing metavuln:load:security-advisory:tar:1095111 Completed in 5ms
389 timing metavuln:cache:get:security-advisory:tar:b0fCoK+2otf7Nha52jR5STLJsyDMnvQzBozhYiojLQHUE2MjYnczh0SCYCXIUIFc8ElJtX2G9GuLooD/irrIRQ== Completed in 17ms
390 timing metavuln:load:security-advisory:tar:1095114 Completed in 4ms
391 timing metavuln:cache:get:security-advisory:tar:2lGtz15Gs28nRX11iCY/mSa25Ky4CfNVzD5qptDvtqdkLXPb/znmxdJ/4OrOyJZ2qQgFtnfxP9ee2xfimUMfuw== Completed in 21ms
392 timing metavuln:load:security-advisory:tar:1095117 Completed in 4ms
393 timing metavuln:cache:get:security-advisory:tar:vVEosPeRh9VYBjRp76VzpISqXhQnTb+86nd/JaHYgvIOgMJfjbOqgyVE41AcmG7w/frudHksWA9K841GgfMqHA== Completed in 25ms
394 timing metavuln:load:security-advisory:tar:1095108 Completed in 3ms
395 timing reifyNode:node_modules/wrappy Completed in 633ms
396 timing reifyNode:node_modules/once Completed in 671ms
397 http fetch GET 200 https://registry.npmjs.org/block-stream/-/block-stream-0.0.9.tgz 716ms (cache miss)
398 timing reifyNode:node_modules/block-stream Completed in 751ms
399 http fetch GET 200 https://registry.npmjs.org/builtins/-/builtins-1.0.3.tgz 728ms (cache miss)
400 timing reifyNode:node_modules/builtins Completed in 762ms
401 http fetch GET 200 https://registry.npmjs.org/isexe/-/isexe-2.0.0.tgz 732ms (cache miss)
402 timing reifyNode:node_modules/isexe Completed in 765ms
403 http fetch GET 200 https://registry.npmjs.org/xtend/-/xtend-4.0.2.tgz 730ms (cache miss)
404 timing reifyNode:node_modules/xtend Completed in 765ms
405 http fetch GET 200 https://registry.npmjs.org/process-nextick-args/-/process-nextick-args-2.0.1.tgz 734ms (cache miss)
406 timing reifyNode:node_modules/process-nextick-args Completed in 766ms
407 http fetch GET 200 https://registry.npmjs.org/util-deprecate/-/util-deprecate-1.0.2.tgz 742ms (cache miss)
408 timing reifyNode:node_modules/util-deprecate Completed in 772ms
409 http fetch GET 200 https://registry.npmjs.org/safe-buffer/-/safe-buffer-5.1.2.tgz 742ms (cache miss)
410 timing reifyNode:node_modules/safe-buffer Completed in 773ms
411 timing metavuln:cache:put:security-advisory:tar:Oa066nJpV2ox85F6qnk1N5eWmAmoWAMU7byYhWk4oYfHYrQ8aGHfCKRikfcy0dHDcKWKiPRc7Nz7R9fxKkj0Yw== Completed in 475ms
412 timing metavuln:calculate:security-advisory:tar:1089685 Completed in 488ms
413 timing metavuln:cache:put:security-advisory:tar:vVEosPeRh9VYBjRp76VzpISqXhQnTb+86nd/JaHYgvIOgMJfjbOqgyVE41AcmG7w/frudHksWA9K841GgfMqHA== Completed in 459ms
414 timing metavuln:calculate:security-advisory:tar:1095108 Completed in 487ms
415 http fetch GET 200 https://registry.npmjs.org/path-is-absolute/-/path-is-absolute-1.0.1.tgz 736ms (cache miss)
416 timing reifyNode:node_modules/path-is-absolute Completed in 772ms
417 http fetch GET 200 https://registry.npmjs.org/glob/-/glob-7.2.3.tgz 735ms (cache miss)
418 timing reifyNode:node_modules/glob Completed in 775ms
419 http fetch GET 200 https://registry.npmjs.org/inflight/-/inflight-1.0.6.tgz 738ms (cache miss)
420 timing reifyNode:node_modules/inflight Completed in 775ms
421 timing metavuln:cache:put:security-advisory:tar:b0fCoK+2otf7Nha52jR5STLJsyDMnvQzBozhYiojLQHUE2MjYnczh0SCYCXIUIFc8ElJtX2G9GuLooD/irrIRQ== Completed in 471ms
422 timing metavuln:calculate:security-advisory:tar:1095114 Completed in 492ms
423 timing metavuln:cache:put:security-advisory:tar:2lGtz15Gs28nRX11iCY/mSa25Ky4CfNVzD5qptDvtqdkLXPb/znmxdJ/4OrOyJZ2qQgFtnfxP9ee2xfimUMfuw== Completed in 467ms
424 timing metavuln:calculate:security-advisory:tar:1095117 Completed in 492ms
425 http fetch GET 200 https://registry.npmjs.org/core-util-is/-/core-util-is-1.0.3.tgz 704ms (cache miss)
426 timing reifyNode:node_modules/core-util-is Completed in 776ms
427 http fetch GET 200 https://registry.npmjs.org/balanced-match/-/balanced-match-1.0.2.tgz 736ms (cache miss)
428 timing reifyNode:node_modules/balanced-match Completed in 780ms
429 timing metavuln:cache:put:security-advisory:tar:qweLcXkEUn/DfcnjzFJUEu5do6vr8IqTSdS35f49423/NY+krD30fMYGS5ccPHEBFlS0ATRDv0Dw3++xYe5pdA== Completed in 482ms
430 timing metavuln:calculate:security-advisory:tar:1095111 Completed in 499ms
431 timing metavuln:packument:tar-pack Completed in 0ms
432 http fetch GET 200 https://registry.npmjs.org/fs.realpath/-/fs.realpath-1.0.0.tgz 746ms (cache miss)
433 timing reifyNode:node_modules/fs.realpath Completed in 785ms
434 http fetch GET 200 https://registry.npmjs.org/inherits/-/inherits-2.0.4.tgz 713ms (cache miss)
435 timing reifyNode:node_modules/inherits Completed in 784ms
436 http fetch GET 200 https://registry.npmjs.org/uid-number/-/uid-number-0.0.6.tgz 725ms (cache miss)
437 timing reifyNode:node_modules/uid-number Completed in 785ms
438 http fetch GET 200 https://registry.npmjs.org/duplexer2/-/duplexer2-0.0.2.tgz 710ms (cache miss)
439 timing reifyNode:node_modules/duplexer2 Completed in 785ms
440 http fetch GET 200 https://registry.npmjs.org/string_decoder/-/string_decoder-0.10.31.tgz 717ms (cache miss)
441 timing reifyNode:node_modules/string_decoder Completed in 786ms
442 timing metavuln:cache:get:security-advisory:tar-pack:3KXljJwoAr/NHejfU6kg41RmjF3Pg6M28t7ViuMjk5SYV3kYL9qyGZ417dIFb1Y8K+hhpo0sBWpskxrKhsZQzQ== Completed in 5ms
443 timing metavuln:load:security-advisory:tar-pack:Oa066nJpV2ox85F6qnk1N5eWmAmoWAMU7byYhWk4oYfHYrQ8aGHfCKRikfcy0dHDcKWKiPRc7Nz7R9fxKkj0Yw== Completed in 14ms
444 http fetch GET 200 https://registry.npmjs.org/shebang-command/-/shebang-command-2.0.0.tgz 722ms (cache miss)
445 timing reifyNode:node_modules/shebang-command Completed in 803ms
446 http fetch GET 200 https://registry.npmjs.org/isarray/-/isarray-0.0.1.tgz 738ms (cache miss)
447 timing reifyNode:node_modules/isarray Completed in 808ms
448 http fetch GET 200 https://registry.npmjs.org/buffer-from/-/buffer-from-0.1.2.tgz 731ms (cache miss)
449 timing reifyNode:node_modules/buffer-from Completed in 807ms
450 http fetch GET 200 https://registry.npmjs.org/universalify/-/universalify-2.0.1.tgz 731ms (cache miss)
451 timing reifyNode:node_modules/universalify Completed in 808ms
452 http fetch GET 200 https://registry.npmjs.org/has-flag/-/has-flag-4.0.0.tgz 743ms (cache miss)
453 timing reifyNode:node_modules/has-flag Completed in 809ms
454 http fetch GET 200 https://registry.npmjs.org/brace-expansion/-/brace-expansion-1.1.11.tgz 765ms (cache miss)
455 timing reifyNode:node_modules/brace-expansion Completed in 810ms
456 http fetch GET 200 https://registry.npmjs.org/lru-cache/-/lru-cache-6.0.0.tgz 742ms (cache miss)
457 timing reifyNode:node_modules/lru-cache Completed in 810ms
458 http fetch GET 200 https://registry.npmjs.org/isarray/-/isarray-1.0.0.tgz 772ms (cache miss)
459 timing reifyNode:node_modules/tar-pack/node_modules/isarray Completed in 812ms
460 http fetch GET 200 https://registry.npmjs.org/yallist/-/yallist-4.0.0.tgz 747ms (cache miss)
461 timing reifyNode:node_modules/yallist Completed in 814ms
462 http fetch GET 200 https://registry.npmjs.org/ms/-/ms-2.0.0.tgz 767ms (cache miss)
463 timing reifyNode:node_modules/ms Completed in 815ms
464 http fetch GET 200 https://registry.npmjs.org/color-name/-/color-name-1.1.4.tgz 741ms (cache miss)
465 timing reifyNode:node_modules/color-name Completed in 825ms
466 http fetch GET 200 https://registry.npmjs.org/supports-color/-/supports-color-7.2.0.tgz 741ms (cache miss)
467 timing reifyNode:node_modules/supports-color Completed in 825ms
468 http fetch GET 200 https://registry.npmjs.org/path-key/-/path-key-3.1.1.tgz 743ms (cache miss)
469 timing reifyNode:node_modules/path-key Completed in 825ms
470 http fetch GET 200 https://registry.npmjs.org/string_decoder/-/string_decoder-1.1.1.tgz 785ms (cache miss)
471 timing reifyNode:node_modules/tar-pack/node_modules/string_decoder Completed in 824ms
472 http fetch GET 200 https://registry.npmjs.org/which/-/which-2.0.2.tgz 746ms (cache miss)
473 timing reifyNode:node_modules/which Completed in 826ms
474 http fetch GET 200 https://registry.npmjs.org/mkdirp/-/mkdirp-0.5.6.tgz 781ms (cache miss)
475 timing reifyNode:node_modules/mkdirp Completed in 828ms
476 http fetch GET 200 https://registry.npmjs.org/sisteransi/-/sisteransi-1.0.5.tgz 754ms (cache miss)
477 timing reifyNode:node_modules/sisteransi Completed in 828ms
478 http fetch GET 200 https://registry.npmjs.org/shebang-regex/-/shebang-regex-3.0.0.tgz 762ms (cache miss)
479 timing reifyNode:node_modules/shebang-regex Completed in 831ms
480 http fetch GET 200 https://registry.npmjs.org/kleur/-/kleur-3.0.3.tgz 757ms (cache miss)
481 timing reifyNode:node_modules/kleur Completed in 831ms
482 http fetch GET 200 https://registry.npmjs.org/through2/-/through2-0.6.5.tgz 756ms (cache miss)
483 timing reifyNode:node_modules/through2 Completed in 830ms
484 http fetch GET 200 https://registry.npmjs.org/concat-map/-/concat-map-0.0.1.tgz 791ms (cache miss)
485 timing reifyNode:node_modules/concat-map Completed in 832ms
486 http fetch GET 200 https://registry.npmjs.org/fstream-ignore/-/fstream-ignore-1.0.5.tgz 768ms (cache miss)
487 timing reifyNode:node_modules/fstream-ignore Completed in 832ms
488 http fetch GET 200 https://registry.npmjs.org/rimraf/-/rimraf-2.7.1.tgz 770ms (cache miss)
489 timing reifyNode:node_modules/rimraf Completed in 832ms
490 http fetch GET 200 https://registry.npmjs.org/jsonfile/-/jsonfile-6.1.0.tgz 759ms (cache miss)
491 timing reifyNode:node_modules/jsonfile Completed in 837ms
492 http fetch GET 200 https://registry.npmjs.org/validate-npm-package-name/-/validate-npm-package-name-3.0.0.tgz 751ms (cache miss)
493 timing reifyNode:node_modules/validate-npm-package-name Completed in 836ms
494 http fetch GET 200 https://registry.npmjs.org/ansi-styles/-/ansi-styles-4.3.0.tgz 757ms (cache miss)
495 timing reifyNode:node_modules/ansi-styles Completed in 842ms
496 http fetch GET 200 https://registry.npmjs.org/graceful-fs/-/graceful-fs-4.2.11.tgz 763ms (cache miss)
497 timing reifyNode:node_modules/graceful-fs Completed in 842ms
498 http fetch GET 200 https://registry.npmjs.org/color-convert/-/color-convert-2.0.1.tgz 759ms (cache miss)
499 timing reifyNode:node_modules/color-convert Completed in 842ms
500 http fetch GET 200 https://registry.npmjs.org/rimraf/-/rimraf-3.0.2.tgz 737ms (cache miss)
501 timing reifyNode:node_modules/tmp/node_modules/rimraf Completed in 846ms
502 http fetch GET 200 https://registry.npmjs.org/cross-spawn/-/cross-spawn-7.0.3.tgz 741ms (cache miss)
503 timing reifyNode:node_modules/cross-spawn Completed in 846ms
504 http fetch GET 200 https://registry.npmjs.org/tar-pack/-/tar-pack-3.4.1.tgz 761ms (cache miss)
505 http fetch GET 200 https://registry.npmjs.org/minimatch/-/minimatch-3.1.2.tgz 808ms (cache miss)
506 timing reifyNode:node_modules/minimatch Completed in 854ms
507 http fetch GET 200 https://registry.npmjs.org/create-react-app/-/create-react-app-5.0.1.tgz 744ms (cache miss)
508 timing reifyNode:node_modules/create-react-app Completed in 850ms
509 http fetch GET 200 https://registry.npmjs.org/hyperquest/-/hyperquest-2.1.3.tgz 750ms (cache miss)
510 timing reifyNode:node_modules/tar-pack Completed in 855ms
511 http fetch GET 200 https://registry.npmjs.org/minimist/-/minimist-1.2.8.tgz 829ms (cache miss)
512 timing reifyNode:node_modules/hyperquest Completed in 876ms
513 http fetch GET 200 https://registry.npmjs.org/chalk/-/chalk-4.1.2.tgz 770ms (cache miss)
514 timing reifyNode:node_modules/chalk Completed in 876ms
515 http fetch GET 200 https://registry.npmjs.org/tmp/-/tmp-0.2.1.tgz 792ms (cache miss)
516 timing reifyNode:node_modules/tmp Completed in 878ms
517 timing metavuln:cache:put:security-advisory:tar-pack:3KXljJwoAr/NHejfU6kg41RmjF3Pg6M28t7ViuMjk5SYV3kYL9qyGZ417dIFb1Y8K+hhpo0sBWpskxrKhsZQzQ== Completed in 78ms
518 timing metavuln:calculate:security-advisory:tar-pack:Oa066nJpV2ox85F6qnk1N5eWmAmoWAMU7byYhWk4oYfHYrQ8aGHfCKRikfcy0dHDcKWKiPRc7Nz7R9fxKkj0Yw== Completed in 97ms
519 timing metavuln:packument:create-react-app Completed in 0ms
520 timing reifyNode:node_modules/minimist Completed in 884ms
521 timing metavuln:cache:get:security-advisory:create-react-app:BAP5sjD/UipbJVBCija12WlnlurqvRCOfkHPDCK3St763W6JIxpLfRD1F9PMmW4GEaZmK6BFkh/Pye257xPpCw== Completed in 3ms
522 timing metavuln:load:security-advisory:create-react-app:3KXljJwoAr/NHejfU6kg41RmjF3Pg6M28t7ViuMjk5SYV3kYL9qyGZ417dIFb1Y8K+hhpo0sBWpskxrKhsZQzQ== Completed in 16ms
523 http fetch GET 200 https://registry.npmjs.org/readable-stream/-/readable-stream-1.0.34.tgz 798ms (cache miss)
524 timing reifyNode:node_modules/through2/node_modules/readable-stream Completed in 907ms
525 http fetch GET 200 https://registry.npmjs.org/debug/-/debug-2.6.9.tgz 850ms (cache miss)
526 timing reifyNode:node_modules/debug Completed in 916ms
527 http fetch GET 200 https://registry.npmjs.org/commander/-/commander-4.1.1.tgz 811ms (cache miss)
528 timing reifyNode:node_modules/commander Completed in 917ms
529 http fetch GET 200 https://registry.npmjs.org/fstream/-/fstream-1.0.12.tgz 860ms (cache miss)
530 timing reifyNode:node_modules/fstream Completed in 924ms
531 timing metavuln:cache:put:security-advisory:create-react-app:BAP5sjD/UipbJVBCija12WlnlurqvRCOfkHPDCK3St763W6JIxpLfRD1F9PMmW4GEaZmK6BFkh/Pye257xPpCw== Completed in 27ms
532 timing metavuln:calculate:security-advisory:create-react-app:3KXljJwoAr/NHejfU6kg41RmjF3Pg6M28t7ViuMjk5SYV3kYL9qyGZ417dIFb1Y8K+hhpo0sBWpskxrKhsZQzQ== Completed in 46ms
533 timing auditReport:init Completed in 654ms
534 timing reify:audit Completed in 945ms
535 http fetch GET 200 https://registry.npmjs.org/readable-stream/-/readable-stream-1.1.14.tgz 862ms (cache miss)
536 timing reifyNode:node_modules/readable-stream Completed in 936ms
537 http fetch GET 200 https://registry.npmjs.org/envinfo/-/envinfo-7.11.0.tgz 840ms (cache miss)
538 timing reifyNode:node_modules/envinfo Completed in 944ms
539 http fetch GET 200 https://registry.npmjs.org/readable-stream/-/readable-stream-2.3.8.tgz 907ms (cache miss)
540 timing reifyNode:node_modules/tar-pack/node_modules/readable-stream Completed in 949ms
541 http fetch GET 200 https://registry.npmjs.org/fs-extra/-/fs-extra-10.1.0.tgz 866ms (cache miss)
542 timing reifyNode:node_modules/fs-extra Completed in 969ms
543 http fetch GET 200 https://registry.npmjs.org/semver/-/semver-7.5.4.tgz 874ms (cache miss)
544 timing reifyNode:node_modules/semver Completed in 975ms
545 http fetch GET 200 https://registry.npmjs.org/prompts/-/prompts-2.4.2.tgz 888ms (cache miss)
546 timing reifyNode:node_modules/prompts Completed in 989ms
547 http fetch GET 200 https://registry.npmjs.org/tar/-/tar-2.2.2.tgz 952ms (cache miss)
548 warn deprecated tar@2.2.2: This version of tar is no longer supported, and will not receive security updates. Please upgrade asap.
549 timing reifyNode:node_modules/tar Completed in 1013ms
550 timing reify:unpack Completed in 1016ms
551 timing reify:unretire Completed in 0ms
552 timing build:queue Completed in 2ms
553 timing build:link:node_modules/create-react-app Completed in 2ms
554 timing build:link:node_modules/tmp/node_modules/rimraf Completed in 1ms
555 timing build:link:node_modules/envinfo Completed in 2ms
556 timing build:link:node_modules/mkdirp Completed in 2ms
557 timing build:link:node_modules/rimraf Completed in 3ms
558 timing build:link:node_modules/semver Completed in 3ms
559 timing build:link:node_modules/which Completed in 2ms
560 timing build:link Completed in 4ms
561 timing build:deps Completed in 6ms
562 timing build Completed in 7ms
563 timing reify:build Completed in 7ms
564 timing reify:trash Completed in 0ms
565 timing reify:save Completed in 34ms
566 timing reify Completed in 2303ms
567 timing command:exec Completed in 54612ms
568 verbose exit 0
569 timing npm Completed in 54794ms
570 info ok
